# JRE version: Java(TM) SE Runtime Environment (17.0.11+7) (build 17.0.11+7-LTS-207)
# Java VM: Java HotSpot(TM) 64-Bit Server VM (17.0.11+7-LTS-207, mixed mode, sharing, tiered, compressed oops, compressed class ptrs, g1 gc, windows-amd64)
GC Precious Log:
 CPUs: 8 total, 8 available
 Memory: 7934M
 Large Page Support: Disabled
 NUMA Support: Disabled
 Compressed Oops: Enabled (32-bit)
 Heap Region Size: 1M
 Heap Min Capacity: 8M
 Heap Initial Capacity: 124M
 Heap Max Capacity: 1984M
 Pre-touch: Disabled
 Parallel Workers: 8
 Concurrent Workers: 2
 Concurrent Refinement Workers: 8
 Periodic GC: Disabled
Heap:
 garbage-first heap   total 58368K, used 21050K [0x0000000084000000, 0x0000000100000000)
  region size 1024K, 4 young (4096K), 3 survivors (3072K)
 Metaspace       used 35070K, committed 35520K, reserved 1114112K
  class space    used 4493K, committed 4736K, reserved 1048576K
GC Heap History (14 events):
Event: 0.794 GC heap before
{Heap before GC invocations=0 (full 0):
 garbage-first heap   total 126976K, used 23552K [0x0000000084000000, 0x0000000100000000)
  region size 1024K, 23 young (23552K), 0 survivors (0K)
 Metaspace       used 5188K, committed 5376K, reserved 1114112K
  class space    used 600K, committed 704K, reserved 1048576K
}
Event: 0.800 GC heap after
{Heap after GC invocations=1 (full 0):
 garbage-first heap   total 126976K, used 7659K [0x0000000084000000, 0x0000000100000000)
  region size 1024K, 3 young (3072K), 3 survivors (3072K)
 Metaspace       used 5188K, committed 5376K, reserved 1114112K
  class space    used 600K, committed 704K, reserved 1048576K
}
Event: 1.423 GC heap before
{Heap before GC invocations=1 (full 0):
 garbage-first heap   total 126976K, used 32235K [0x0000000084000000, 0x0000000100000000)
  region size 1024K, 28 young (28672K), 3 survivors (3072K)
 Metaspace       used 11419K, committed 11712K, reserved 1114112K
  class space    used 1423K, committed 1536K, reserved 1048576K
}
Event: 1.429 GC heap after
{Heap after GC invocations=2 (full 0):
 garbage-first heap   total 126976K, used 10087K [0x0000000084000000, 0x0000000100000000)
  region size 1024K, 3 young (3072K), 3 survivors (3072K)
 Metaspace       used 11419K, committed 11712K, reserved 1114112K
  class space    used 1423K, committed 1536K, reserved 1048576K
}
Event: 2.623 GC heap before
{Heap before GC invocations=2 (full 0):
 garbage-first heap   total 126976K, used 73575K [0x0000000084000000, 0x0000000100000000)
  region size 1024K, 66 young (67584K), 3 survivors (3072K)
 Metaspace       used 21264K, committed 21504K, reserved 1114112K
  class space    used 2635K, committed 2752K, reserved 1048576K
}
Event: 2.629 GC heap after
{Heap after GC invocations=3 (full 0):
 garbage-first heap   total 126976K, used 14863K [0x0000000084000000, 0x0000000100000000)
  region size 1024K, 8 young (8192K), 8 survivors (8192K)
 Metaspace       used 21264K, committed 21504K, reserved 1114112K
  class space    used 2635K, committed 2752K, reserved 1048576K
}
Event: 3.339 GC heap before
{Heap before GC invocations=4 (full 0):
 garbage-first heap   total 58368K, used 41487K [0x0000000084000000, 0x0000000100000000)
  region size 1024K, 34 young (34816K), 8 survivors (8192K)
 Metaspace       used 24393K, committed 24704K, reserved 1114112K
  class space    used 3082K, committed 3200K, reserved 1048576K
}
Event: 3.346 GC heap after
{Heap after GC invocations=5 (full 0):
 garbage-first heap   total 58368K, used 16957K [0x0000000084000000, 0x0000000100000000)
  region size 1024K, 3 young (3072K), 3 survivors (3072K)
 Metaspace       used 24393K, committed 24704K, reserved 1114112K
  class space    used 3082K, committed 3200K, reserved 1048576K
}
Event: 4.089 GC heap before
{Heap before GC invocations=5 (full 0):
 garbage-first heap   total 58368K, used 39485K [0x0000000084000000, 0x0000000100000000)
  region size 1024K, 25 young (25600K), 3 survivors (3072K)
 Metaspace       used 27908K, committed 28288K, reserved 1114112K
  class space    used 3603K, committed 3776K, reserved 1048576K
}
Event: 4.095 GC heap after
{Heap after GC invocations=6 (full 0):
 garbage-first heap   total 58368K, used 18485K [0x0000000084000000, 0x0000000100000000)
  region size 1024K, 4 young (4096K), 4 survivors (4096K)
 Metaspace       used 27908K, committed 28288K, reserved 1114112K
  class space    used 3603K, committed 3776K, reserved 1048576K
}
Event: 4.844 GC heap before
{Heap before GC invocations=6 (full 0):
 garbage-first heap   total 58368K, used 41013K [0x0000000084000000, 0x0000000100000000)
  region size 1024K, 26 young (26624K), 4 survivors (4096K)
 Metaspace       used 31667K, committed 32192K, reserved 1114112K
  class space    used 4040K, committed 4288K, reserved 1048576K
}
Event: 4.851 GC heap after
{Heap after GC invocations=7 (full 0):
 garbage-first heap   total 58368K, used 20159K [0x0000000084000000, 0x0000000100000000)
  region size 1024K, 2 young (2048K), 2 survivors (2048K)
 Metaspace       used 31667K, committed 32192K, reserved 1114112K
  class space    used 4040K, committed 4288K, reserved 1048576K
}
Event: 5.664 GC heap before
{Heap before GC invocations=7 (full 0):
 garbage-first heap   total 58368K, used 41663K [0x0000000084000000, 0x0000000100000000)
  region size 1024K, 23 young (23552K), 2 survivors (2048K)
 Metaspace       used 34956K, committed 35392K, reserved 1114112K
  class space    used 4479K, committed 4672K, reserved 1048576K
}
Event: 5.669 GC heap after
{Heap after GC invocations=8 (full 0):
 garbage-first heap   total 58368K, used 21050K [0x0000000084000000, 0x0000000100000000)
  region size 1024K, 3 young (3072K), 3 survivors (3072K)
 Metaspace       used 34956K, committed 35392K, reserved 1114112K
  class space    used 4479K, committed 4672K, reserved 1048576K
}

