# JRE version: OpenJDK Runtime Environment Temurin-21.0.10+7 (21.0.10+7) (build 21.0.10+7-LTS)
# Java VM: OpenJDK 64-Bit Server VM Temurin-21.0.10+7 (21.0.10+7-LTS, mixed mode, sharing, tiered, compressed oops, compressed class ptrs, g1 gc, windows-amd64)
GC Precious Log:
 CardTable entry size: 512
 Card Set container configuration: InlinePtr #cards 5 size 8 Array Of Cards #cards 12 size 40 Howl #buckets 4 coarsen threshold 1843 Howl Bitmap #cards 512 size 80 coarsen threshold 460 Card regions per heap region 1 cards per card region 2048
 CPUs: 8 total, 8 available
 Memory: 7934M
 Large Page Support: Disabled
 NUMA Support: Disabled
 Compressed Oops: Enabled (32-bit)
 Heap Region Size: 1M
 Heap Min Capacity: 8M
 Heap Initial Capacity: 124M
 Heap Max Capacity: 1984M
 Pre-touch: Disabled
 Parallel Workers: 8
 Concurrent Workers: 2
 Concurrent Refinement Workers: 8
 Periodic GC: Disabled
Heap:
 garbage-first heap   total 58368K, used 49210K [0x0000000084000000, 0x0000000100000000)
  region size 1024K, 32 young (32768K), 3 survivors (3072K)
 Metaspace       used 29405K, committed 30272K, reserved 1114112K
  class space    used 2951K, committed 3328K, reserved 1048576K
GC Heap History (12 events):
Event: 2.561 GC heap before
{Heap before GC invocations=0 (full 0):
 garbage-first heap   total 126976K, used 22528K [0x0000000084000000, 0x0000000100000000)
  region size 1024K, 23 young (23552K), 0 survivors (0K)
 Metaspace       used 4138K, committed 4416K, reserved 1114112K
  class space    used 455K, committed 576K, reserved 1048576K
}
Event: 2.577 GC heap after
{Heap after GC invocations=1 (full 0):
 garbage-first heap   total 126976K, used 3744K [0x0000000084000000, 0x0000000100000000)
  region size 1024K, 3 young (3072K), 3 survivors (3072K)
 Metaspace       used 4138K, committed 4416K, reserved 1114112K
  class space    used 455K, committed 576K, reserved 1048576K
}
Event: 25.253 GC heap before
{Heap before GC invocations=1 (full 0):
 garbage-first heap   total 126976K, used 34464K [0x0000000084000000, 0x0000000100000000)
  region size 1024K, 34 young (34816K), 3 survivors (3072K)
 Metaspace       used 9361K, committed 9728K, reserved 1114112K
  class space    used 1000K, committed 1216K, reserved 1048576K
}
Event: 25.262 GC heap after
{Heap after GC invocations=2 (full 0):
 garbage-first heap   total 126976K, used 5977K [0x0000000084000000, 0x0000000100000000)
  region size 1024K, 3 young (3072K), 3 survivors (3072K)
 Metaspace       used 9361K, committed 9728K, reserved 1114112K
  class space    used 1000K, committed 1216K, reserved 1048576K
}
Event: 28.158 GC heap before
{Heap before GC invocations=2 (full 0):
 garbage-first heap   total 126976K, used 77657K [0x0000000084000000, 0x0000000100000000)
  region size 1024K, 74 young (75776K), 3 survivors (3072K)
 Metaspace       used 18457K, committed 19136K, reserved 1114112K
  class space    used 1866K, committed 2176K, reserved 1048576K
}
Event: 28.179 GC heap after
{Heap after GC invocations=3 (full 0):
 garbage-first heap   total 126976K, used 14966K [0x0000000084000000, 0x0000000100000000)
  region size 1024K, 10 young (10240K), 10 survivors (10240K)
 Metaspace       used 18457K, committed 19136K, reserved 1114112K
  class space    used 1866K, committed 2176K, reserved 1048576K
}
Event: 28.546 GC heap before
{Heap before GC invocations=3 (full 0):
 garbage-first heap   total 126976K, used 29302K [0x0000000084000000, 0x0000000100000000)
  region size 1024K, 26 young (26624K), 10 survivors (10240K)
 Metaspace       used 20879K, committed 21504K, reserved 1114112K
  class space    used 2063K, committed 2368K, reserved 1048576K
}
Event: 28.563 GC heap after
{Heap after GC invocations=4 (full 0):
 garbage-first heap   total 126976K, used 16578K [0x0000000084000000, 0x0000000100000000)
  region size 1024K, 2 young (2048K), 2 survivors (2048K)
 Metaspace       used 20879K, committed 21504K, reserved 1114112K
  class space    used 2063K, committed 2368K, reserved 1048576K
}
Event: 29.703 GC heap before
{Heap before GC invocations=5 (full 0):
 garbage-first heap   total 58368K, used 50370K [0x0000000084000000, 0x0000000100000000)
  region size 1024K, 34 young (34816K), 2 survivors (2048K)
 Metaspace       used 24545K, committed 25280K, reserved 1114112K
  class space    used 2369K, committed 2688K, reserved 1048576K
}
Event: 29.708 GC heap after
{Heap after GC invocations=6 (full 0):
 garbage-first heap   total 58368K, used 19609K [0x0000000084000000, 0x0000000100000000)
  region size 1024K, 3 young (3072K), 3 survivors (3072K)
 Metaspace       used 24545K, committed 25280K, reserved 1114112K
  class space    used 2369K, committed 2688K, reserved 1048576K
}
Event: 30.235 GC heap before
{Heap before GC invocations=6 (full 0):
 garbage-first heap   total 58368K, used 48281K [0x0000000084000000, 0x0000000100000000)
  region size 1024K, 32 young (32768K), 3 survivors (3072K)
 Metaspace       used 26661K, committed 27520K, reserved 1114112K
  class space    used 2636K, committed 3008K, reserved 1048576K
}
Event: 30.246 GC heap after
{Heap after GC invocations=7 (full 0):
 garbage-first heap   total 58368K, used 20538K [0x0000000084000000, 0x0000000100000000)
  region size 1024K, 3 young (3072K), 3 survivors (3072K)
 Metaspace       used 26661K, committed 27520K, reserved 1114112K
  class space    used 2636K, committed 3008K, reserved 1048576K
}

