# JRE version: OpenJDK Runtime Environment Temurin-21.0.10+7 (21.0.10+7) (build 21.0.10+7-LTS)
# Java VM: OpenJDK 64-Bit Server VM Temurin-21.0.10+7 (21.0.10+7-LTS, mixed mode, sharing, tiered, compressed oops, compressed class ptrs, g1 gc, windows-amd64)
GC Precious Log:
 CardTable entry size: 512
 Card Set container configuration: InlinePtr #cards 5 size 8 Array Of Cards #cards 12 size 40 Howl #buckets 4 coarsen threshold 1843 Howl Bitmap #cards 512 size 80 coarsen threshold 460 Card regions per heap region 1 cards per card region 2048
 CPUs: 8 total, 8 available
 Memory: 7934M
 Large Page Support: Disabled
 NUMA Support: Disabled
 Compressed Oops: Enabled (32-bit)
 Heap Region Size: 1M
 Heap Min Capacity: 8M
 Heap Initial Capacity: 124M
 Heap Max Capacity: 1984M
 Pre-touch: Disabled
 Parallel Workers: 8
 Concurrent Workers: 2
 Concurrent Refinement Workers: 8
 Periodic GC: Disabled
Heap:
 garbage-first heap   total 63488K, used 49574K [0x0000000084000000, 0x0000000100000000)
  region size 1024K, 14 young (14336K), 2 survivors (2048K)
 Metaspace       used 49888K, committed 51200K, reserved 1114112K
  class space    used 5426K, committed 6016K, reserved 1048576K
GC Heap History (20 events):
Event: 14.766 GC heap before
{Heap before GC invocations=17 (full 0):
 garbage-first heap   total 56320K, used 49085K [0x0000000084000000, 0x0000000100000000)
  region size 1024K, 24 young (24576K), 4 survivors (4096K)
 Metaspace       used 48987K, committed 50304K, reserved 1114112K
  class space    used 5343K, committed 5952K, reserved 1048576K
}
Event: 14.769 GC heap after
{Heap after GC invocations=18 (full 0):
 garbage-first heap   total 56320K, used 30331K [0x0000000084000000, 0x0000000100000000)
  region size 1024K, 3 young (3072K), 3 survivors (3072K)
 Metaspace       used 48987K, committed 50304K, reserved 1114112K
  class space    used 5343K, committed 5952K, reserved 1048576K
}
Event: 15.315 GC heap before
{Heap before GC invocations=18 (full 0):
 garbage-first heap   total 56320K, used 48763K [0x0000000084000000, 0x0000000100000000)
  region size 1024K, 22 young (22528K), 3 survivors (3072K)
 Metaspace       used 49122K, committed 50432K, reserved 1114112K
  class space    used 5360K, committed 5952K, reserved 1048576K
}
Event: 15.319 GC heap after
{Heap after GC invocations=19 (full 0):
 garbage-first heap   total 56320K, used 31710K [0x0000000084000000, 0x0000000100000000)
  region size 1024K, 3 young (3072K), 3 survivors (3072K)
 Metaspace       used 49122K, committed 50432K, reserved 1114112K
  class space    used 5360K, committed 5952K, reserved 1048576K
}
Event: 16.944 GC heap before
{Heap before GC invocations=19 (full 0):
 garbage-first heap   total 56320K, used 49118K [0x0000000084000000, 0x0000000100000000)
  region size 1024K, 21 young (21504K), 3 survivors (3072K)
 Metaspace       used 49426K, committed 50688K, reserved 1114112K
  class space    used 5373K, committed 5952K, reserved 1048576K
}
Event: 16.954 GC heap after
{Heap after GC invocations=20 (full 0):
 garbage-first heap   total 56320K, used 33907K [0x0000000084000000, 0x0000000100000000)
  region size 1024K, 3 young (3072K), 3 survivors (3072K)
 Metaspace       used 49426K, committed 50688K, reserved 1114112K
  class space    used 5373K, committed 5952K, reserved 1048576K
}
Event: 18.025 GC heap before
{Heap before GC invocations=21 (full 0):
 garbage-first heap   total 58368K, used 50291K [0x0000000084000000, 0x0000000100000000)
  region size 1024K, 19 young (19456K), 3 survivors (3072K)
 Metaspace       used 49560K, committed 50816K, reserved 1114112K
  class space    used 5394K, committed 5952K, reserved 1048576K
}
Event: 18.028 GC heap after
{Heap after GC invocations=22 (full 0):
 garbage-first heap   total 58368K, used 35014K [0x0000000084000000, 0x0000000100000000)
  region size 1024K, 2 young (2048K), 2 survivors (2048K)
 Metaspace       used 49560K, committed 50816K, reserved 1114112K
  class space    used 5394K, committed 5952K, reserved 1048576K
}
Event: 18.457 GC heap before
{Heap before GC invocations=22 (full 0):
 garbage-first heap   total 58368K, used 51398K [0x0000000084000000, 0x0000000100000000)
  region size 1024K, 19 young (19456K), 2 survivors (2048K)
 Metaspace       used 49852K, committed 51200K, reserved 1114112K
  class space    used 5424K, committed 6016K, reserved 1048576K
}
Event: 18.460 GC heap after
{Heap after GC invocations=23 (full 0):
 garbage-first heap   total 58368K, used 36238K [0x0000000084000000, 0x0000000100000000)
  region size 1024K, 3 young (3072K), 3 survivors (3072K)
 Metaspace       used 49852K, committed 51200K, reserved 1114112K
  class space    used 5424K, committed 6016K, reserved 1048576K
}
Event: 18.638 GC heap before
{Heap before GC invocations=23 (full 0):
 garbage-first heap   total 58368K, used 52622K [0x0000000084000000, 0x0000000100000000)
  region size 1024K, 19 young (19456K), 3 survivors (3072K)
 Metaspace       used 49866K, committed 51200K, reserved 1114112K
  class space    used 5426K, committed 6016K, reserved 1048576K
}
Event: 18.640 GC heap after
{Heap after GC invocations=24 (full 0):
 garbage-first heap   total 58368K, used 36208K [0x0000000084000000, 0x0000000100000000)
  region size 1024K, 2 young (2048K), 2 survivors (2048K)
 Metaspace       used 49866K, committed 51200K, reserved 1114112K
  class space    used 5426K, committed 6016K, reserved 1048576K
}
Event: 18.820 GC heap before
{Heap before GC invocations=25 (full 0):
 garbage-first heap   total 61440K, used 53616K [0x0000000084000000, 0x0000000100000000)
  region size 1024K, 19 young (19456K), 2 survivors (2048K)
 Metaspace       used 49869K, committed 51200K, reserved 1114112K
  class space    used 5426K, committed 6016K, reserved 1048576K
}
Event: 18.822 GC heap after
{Heap after GC invocations=26 (full 0):
 garbage-first heap   total 61440K, used 37416K [0x0000000084000000, 0x0000000100000000)
  region size 1024K, 3 young (3072K), 3 survivors (3072K)
 Metaspace       used 49869K, committed 51200K, reserved 1114112K
  class space    used 5426K, committed 6016K, reserved 1048576K
}
Event: 18.977 GC heap before
{Heap before GC invocations=26 (full 0):
 garbage-first heap   total 61440K, used 55848K [0x0000000084000000, 0x0000000100000000)
  region size 1024K, 21 young (21504K), 3 survivors (3072K)
 Metaspace       used 49871K, committed 51200K, reserved 1114112K
  class space    used 5426K, committed 6016K, reserved 1048576K
}
Event: 18.981 GC heap after
{Heap after GC invocations=27 (full 0):
 garbage-first heap   total 61440K, used 34782K [0x0000000084000000, 0x0000000100000000)
  region size 1024K, 1 young (1024K), 1 survivors (1024K)
 Metaspace       used 49871K, committed 51200K, reserved 1114112K
  class space    used 5426K, committed 6016K, reserved 1048576K
}
Event: 19.188 GC heap before
{Heap before GC invocations=27 (full 0):
 garbage-first heap   total 61440K, used 56286K [0x0000000084000000, 0x0000000100000000)
  region size 1024K, 22 young (22528K), 1 survivors (1024K)
 Metaspace       used 49885K, committed 51200K, reserved 1114112K
  class space    used 5426K, committed 6016K, reserved 1048576K
}
Event: 19.190 GC heap after
{Heap after GC invocations=28 (full 0):
 garbage-first heap   total 61440K, used 36497K [0x0000000084000000, 0x0000000100000000)
  region size 1024K, 3 young (3072K), 3 survivors (3072K)
 Metaspace       used 49885K, committed 51200K, reserved 1114112K
  class space    used 5426K, committed 6016K, reserved 1048576K
}
Event: 19.366 GC heap before
{Heap before GC invocations=29 (full 0):
 garbage-first heap   total 63488K, used 54929K [0x0000000084000000, 0x0000000100000000)
  region size 1024K, 21 young (21504K), 3 survivors (3072K)
 Metaspace       used 49888K, committed 51200K, reserved 1114112K
  class space    used 5426K, committed 6016K, reserved 1048576K
}
Event: 19.370 GC heap after
{Heap after GC invocations=30 (full 0):
 garbage-first heap   total 63488K, used 38310K [0x0000000084000000, 0x0000000100000000)
  region size 1024K, 2 young (2048K), 2 survivors (2048K)
 Metaspace       used 49888K, committed 51200K, reserved 1114112K
  class space    used 5426K, committed 6016K, reserved 1048576K
}

